
▓ Программа: "vip.exe"  Время запуска: 19:59:25 15/07/2024
▓ Исполняемый модуль: "C:\Galaktika\ATL6\Update_11400\support\exe\vip.exe"
▓ Система: Windows NT

Контекст исполнения ".SysUser"
Потеряно хип-контекстов: 1

Менеджер динамической памяти ".SysUserHeap(.SysUser)"
Потеряно блоков: 12, байтов: 512


▓ Программа: "vip.exe"  Время запуска: 16:49:12 16/07/2024
▓ Исполняемый модуль: "C:\Galaktika\ATL6\Update_11400\support\exe\vip.exe"
▓ Система: Windows NT

Контекст исполнения ".SysUser"
Потеряно хип-контекстов: 1

Менеджер динамической памяти ".SysUserHeap(.SysUser)"
Потеряно блоков: 14, байтов: 680


▓ Программа: "vip.exe"  Время запуска: 20:53:21 16/07/2024
▓ Исполняемый модуль: "C:\Galaktika\ATL6\Update_11400\support\exe\vip.exe"
▓ Система: Windows NT  Логин: "Дмитрий"  Станция: "LAPUS-VICTUS"

Класс окна "Atlantis Font Window" не был разрегистрирован: 1411
(Класс не существует)
 04EDFCAC: 03B557BF vision_w.dll.1:000047BF
 04EDFCB0: 03C30AD4 vision_w.dll.2:00000AD4
 04EDFCC0: 03B54F5F vision_w.dll.1:00003F5F
 04EDFCC4: 00F81EF6 atlantis.rtl.1:00030EF6
 04EDFCD0: 03B51000 vision_w.dll.1:00000000
 04EDFCDC: 03B510BE vision_w.dll.1:000000BE
 04EDFCE4: 03B51020 vision_w.dll.1:00000020
 04EDFCEC: 03B51000 vision_w.dll.1:00000000
 04EDFD0C: 03B51000 vision_w.dll.1:00000000
 04EDFD1C: 03B51000 vision_w.dll.1:00000000

Контекст исполнения ".SysUser"
Потеряно хип-контекстов: 1
Потеряно серверных потоков: 1

Менеджер динамической памяти ".SysUserHeap(.SysUser)"
Потеряно блоков: 246773, байтов: 7349872


▓ Программа: "vip.exe"  Время запуска: 20:57:47 16/07/2024
▓ Исполняемый модуль: "C:\Galaktika\ATL6\Update_11400\support\exe\vip.exe"
▓ Система: Windows NT

Контекст исполнения ".SysUser"
Потеряно хип-контекстов: 1

Менеджер динамической памяти ".SysUserHeap(.SysUser)"
Потеряно блоков: 28, байтов: 1124


▓ Программа: "vip.exe"  Время запуска: 21:00:31 16/07/2024
▓ Исполняемый модуль: "C:\Galaktika\ATL6\Update_11400\support\exe\vip.exe"
▓ Система: Windows NT

Контекст исполнения ".SysUser"
Потеряно хип-контекстов: 1

Менеджер динамической памяти ".SysUserHeap(.SysUser)"
Потеряно блоков: 28, байтов: 1132


▓ Программа: "vip.exe"  Время запуска: 21:04:05 16/07/2024
▓ Исполняемый модуль: "C:\Galaktika\ATL6\Update_11400\support\exe\vip.exe"
▓ Система: Windows NT

Контекст исполнения ".SysUser"
Потеряно хип-контекстов: 1

Менеджер динамической памяти ".SysUserHeap(.SysUser)"
Потеряно блоков: 34, байтов: 1268


▓ Программа: "vip.exe"  Время запуска: 21:05:41 16/07/2024
▓ Исполняемый модуль: "C:\Galaktika\ATL6\Update_11400\support\exe\vip.exe"
▓ Система: Windows NT

Контекст исполнения ".SysUser"
Потеряно хип-контекстов: 1

Менеджер динамической памяти ".SysUserHeap(.SysUser)"
Потеряно блоков: 34, байтов: 1244


▓ Программа: "vip.exe"  Время запуска: 21:07:06 16/07/2024
▓ Исполняемый модуль: "C:\Galaktika\ATL6\Update_11400\support\exe\vip.exe"
▓ Система: Windows NT

Контекст исполнения ".SysUser"
Потеряно хип-контекстов: 1

Менеджер динамической памяти ".SysUserHeap(.SysUser)"
Потеряно блоков: 34, байтов: 1232


▓ Программа: "vip.exe"  Время запуска: 21:15:43 16/07/2024
▓ Исполняемый модуль: "C:\Galaktika\ATL6\Update_11400\support\exe\vip.exe"
▓ Система: Windows NT

Контекст исполнения ".SysUser"
Потеряно хип-контекстов: 1

Менеджер динамической памяти ".SysUserHeap(.SysUser)"
Потеряно блоков: 34, байтов: 1248


▓ Программа: "vip.exe"  Время запуска: 21:16:07 16/07/2024
▓ Исполняемый модуль: "C:\Galaktika\ATL6\Update_11400\support\exe\vip.exe"
▓ Система: Windows NT

Контекст исполнения ".SysUser"
Потеряно хип-контекстов: 1

Менеджер динамической памяти ".SysUserHeap(.SysUser)"
Потеряно блоков: 34, байтов: 1260


▓ Программа: "vip.exe"  Время запуска: 21:20:51 16/07/2024
▓ Исполняемый модуль: "C:\Galaktika\ATL6\Update_11400\support\exe\vip.exe"
▓ Система: Windows NT

Контекст исполнения ".SysUser"
Потеряно хип-контекстов: 1

Менеджер динамической памяти ".SysUserHeap(.SysUser)"
Потеряно блоков: 34, байтов: 1264

